{
  "RSpec": {
    "coverage": {
      "/Users/anna/Development/tutorial/shareyoursmiles/spec/controllers/faq_controller_spec.rb": [
        1,
        null,
        1,
        null,
        null
      ],
      "/Users/anna/Development/tutorial/shareyoursmiles/spec/rails_helper.rb": [
        null,
        1,
        1,
        null,
        1,
        1,
        1,
        null,
        null,
        null,
        null,
        null,
        null,
        null,
        null,
        null,
        null,
        null,
        null,
        null,
        null,
        null,
        null,
        null,
        1,
        null,
        1,
        null,
        null,
        null,
        null,
        1,
        null,
        null,
        null,
        null,
        null,
        null,
        null,
        null,
        null,
        null,
        null,
        null,
        null,
        null,
        1,
        null
      ],
      "/Users/anna/Development/tutorial/shareyoursmiles/config/environment.rb": [
        null,
        1,
        null,
        null,
        1
      ],
      "/Users/anna/Development/tutorial/shareyoursmiles/config/application.rb": [
        1,
        null,
        1,
        null,
        1,
        null,
        1,
        null,
        null,
        null,
        null,
        1,
        1,
        null,
        null,
        null,
        null,
        null,
        null,
        null,
        null,
        null,
        null,
        null,
        null,
        null,
        null,
        null,
        null,
        null,
        null,
        null,
        null,
        null,
        null,
        null,
        1,
        null,
        null,
        1,
        null,
        null,
        1,
        null,
        null,
        null,
        null,
        null,
        null,
        null,
        null,
        null,
        null,
        1,
        null,
        null,
        1,
        null,
        null,
        1,
        null,
        null
      ],
      "/Users/anna/Development/tutorial/shareyoursmiles/config/boot.rb": [
        1,
        null,
        null,
        1,
        null,
        1
      ],
      "/Users/anna/Development/tutorial/shareyoursmiles/config/environments/test.rb": [
        1,
        null,
        null,
        null,
        null,
        null,
        null,
        1,
        null,
        null,
        1,
        1,
        null,
        null,
        1,
        null,
        null,
        1,
        1,
        null,
        null,
        1,
        null,
        null,
        1,
        null,
        null,
        null,
        null,
        1,
        null,
        null,
        1,
        null,
        null,
        1,
        null
      ],
      "/Users/anna/Development/tutorial/shareyoursmiles/config/initializers/backtrace_silencers.rb": [
        null,
        null,
        null,
        null,
        null,
        null,
        null
      ],
      "/Users/anna/Development/tutorial/shareyoursmiles/config/initializers/inflections.rb": [
        null,
        null,
        null,
        null,
        null,
        null,
        null,
        null,
        null,
        null,
        null,
        null,
        null,
        null,
        null
      ],
      "/Users/anna/Development/tutorial/shareyoursmiles/config/initializers/mime_types.rb": [
        null,
        null,
        null,
        null,
        null
      ],
      "/Users/anna/Development/tutorial/shareyoursmiles/config/initializers/secret_token.rb": [
        null,
        null,
        null,
        null,
        null,
        null,
        1
      ],
      "/Users/anna/Development/tutorial/shareyoursmiles/config/initializers/session_store.rb": [
        null,
        null,
        1,
        null,
        null,
        null,
        null,
        null
      ],
      "/Users/anna/Development/tutorial/shareyoursmiles/config/initializers/wrap_parameters.rb": [
        null,
        null,
        null,
        null,
        null,
        null,
        1,
        1,
        null,
        null,
        null,
        1,
        1,
        null
      ],
      "/Users/anna/Development/tutorial/shareyoursmiles/app/controllers/application_controller.rb": [
        1,
        1,
        null
      ],
      "/Users/anna/Development/tutorial/shareyoursmiles/app/helpers/application_helper.rb": [
        1,
        null
      ],
      "/Users/anna/Development/tutorial/shareyoursmiles/app/helpers/faq_helper.rb": [
        1,
        null
      ],
      "/Users/anna/Development/tutorial/shareyoursmiles/app/helpers/legal_helper.rb": [
        1,
        null
      ],
      "/Users/anna/Development/tutorial/shareyoursmiles/app/helpers/smiles_helper.rb": [
        1,
        null
      ],
      "/Users/anna/Development/tutorial/shareyoursmiles/app/helpers/welcome_helper.rb": [
        1,
        null
      ],
      "/Users/anna/Development/tutorial/shareyoursmiles/app/controllers/faq_controller.rb": [
        1,
        null,
        1,
        0,
        null,
        null
      ],
      "/Users/anna/Development/tutorial/shareyoursmiles/app/controllers/legal_controller.rb": [
        1,
        1,
        0,
        null,
        null
      ],
      "/Users/anna/Development/tutorial/shareyoursmiles/app/controllers/smiles_controller.rb": [
        1,
        null,
        null,
        1,
        null,
        null,
        null,
        1,
        0,
        null,
        0,
        0,
        0,
        null,
        null,
        null,
        null,
        null,
        1,
        0,
        null,
        0,
        0,
        0,
        null,
        null,
        null,
        null,
        null,
        1,
        0,
        null,
        0,
        0,
        0,
        null,
        null,
        null,
        null,
        null,
        null,
        null,
        null,
        null,
        null,
        1,
        null,
        0,
        0,
        null,
        null,
        0,
        0,
        0,
        0,
        0,
        null,
        0,
        0,
        null,
        null,
        null,
        null,
        0,
        0,
        null,
        null,
        null,
        null,
        null,
        null,
        null,
        null,
        null,
        null,
        null,
        null,
        null,
        null,
        null,
        null,
        null,
        null,
        null,
        null,
        null,
        null,
        null,
        null,
        null,
        null,
        null,
        null,
        null,
        null,
        null,
        1,
        null,
        1,
        null,
        0,
        null,
        null,
        null,
        null,
        null,
        null,
        null,
        null,
        null,
        null,
        0,
        null,
        0,
        0,
        null,
        null,
        0,
        0,
        0,
        0,
        0,
        0,
        0,
        null,
        0,
        0,
        0,
        null,
        null,
        null,
        0,
        null,
        null,
        null
      ],
      "/Users/anna/Development/tutorial/shareyoursmiles/app/models/smile.rb": [
        1,
        1,
        1,
        1,
        1,
        null
      ],
      "/Users/anna/Development/tutorial/shareyoursmiles/app/controllers/welcome_controller.rb": [
        1,
        1,
        0,
        null,
        null
      ],
      "/Users/anna/Development/tutorial/shareyoursmiles/config/routes.rb": [
        1,
        1,
        null,
        1,
        null,
        1,
        null,
        1,
        null
      ],
      "/Users/anna/Development/tutorial/shareyoursmiles/spec/controllers/legal_controller_spec.rb": [
        1,
        null,
        1,
        null,
        null
      ],
      "/Users/anna/Development/tutorial/shareyoursmiles/spec/controllers/smiles_controller_spec.rb": [
        1,
        null,
        1,
        null,
        null
      ],
      "/Users/anna/Development/tutorial/shareyoursmiles/spec/controllers/welcome_controller_spec.rb": [
        1,
        null,
        1,
        null,
        null
      ],
      "/Users/anna/Development/tutorial/shareyoursmiles/spec/helpers/faq_helper_spec.rb": [
        1,
        null,
        null,
        null,
        null,
        null,
        null,
        null,
        null,
        null,
        null,
        null,
        1,
        1,
        null
      ],
      "/Users/anna/Development/tutorial/shareyoursmiles/spec/helpers/legal_helper_spec.rb": [
        1,
        null,
        null,
        null,
        null,
        null,
        null,
        null,
        null,
        null,
        null,
        null,
        1,
        1,
        null
      ],
      "/Users/anna/Development/tutorial/shareyoursmiles/spec/models/smile_spec.rb": [
        1,
        null,
        1,
        1,
        null
      ]
    },
    "timestamp": 1435825198
  }
}
