{
  "RSpec": {
    "coverage": {
      "/home/anna/Development/shareyoursmiles/config/environment.rb": [
        null,
        1,
        null,
        null,
        1
      ],
      "/home/anna/Development/shareyoursmiles/config/application.rb": [
        1,
        null,
        1,
        null,
        1,
        null,
        1,
        null,
        null,
        null,
        null,
        1,
        1,
        null,
        null,
        null,
        null,
        null,
        null,
        null,
        null,
        null,
        null,
        null,
        null,
        null,
        null,
        null,
        null,
        null,
        null,
        null,
        null,
        null,
        null,
        null,
        1,
        null,
        null,
        1,
        null,
        null,
        1,
        null,
        null,
        null,
        null,
        null,
        null,
        null,
        null,
        null,
        null,
        1,
        null,
        null,
        1,
        null,
        null,
        1,
        null,
        1,
        1,
        null,
        null,
        null,
        null,
        null,
        null,
        1,
        null,
        null,
        null
      ],
      "/home/anna/Development/shareyoursmiles/config/boot.rb": [
        1,
        null,
        null,
        1,
        null,
        1
      ],
      "/home/anna/Development/shareyoursmiles/config/environments/test.rb": [
        1,
        null,
        null,
        null,
        null,
        null,
        null,
        1,
        null,
        null,
        1,
        1,
        null,
        null,
        1,
        null,
        null,
        1,
        1,
        null,
        null,
        1,
        null,
        null,
        1,
        null,
        null,
        null,
        null,
        1,
        null,
        null,
        1,
        null,
        null,
        1,
        null
      ],
      "/home/anna/Development/shareyoursmiles/config/initializers/backtrace_silencers.rb": [
        null,
        null,
        null,
        null,
        null,
        null,
        null
      ],
      "/home/anna/Development/shareyoursmiles/config/initializers/inflections.rb": [
        null,
        null,
        null,
        null,
        null,
        null,
        null,
        null,
        null,
        null,
        null,
        null,
        null,
        null,
        null
      ],
      "/home/anna/Development/shareyoursmiles/config/initializers/mime_types.rb": [
        null,
        null,
        null,
        null,
        null
      ],
      "/home/anna/Development/shareyoursmiles/config/initializers/secret_token.rb": [
        null,
        null,
        null,
        null,
        null,
        null,
        1
      ],
      "/home/anna/Development/shareyoursmiles/config/initializers/session_store.rb": [
        null,
        null,
        1,
        null,
        null,
        null,
        null,
        null
      ],
      "/home/anna/Development/shareyoursmiles/config/initializers/wrap_parameters.rb": [
        null,
        null,
        null,
        null,
        null,
        null,
        1,
        1,
        null,
        null,
        null,
        1,
        1,
        null
      ],
      "/home/anna/Development/shareyoursmiles/app/controllers/application_controller.rb": [
        1,
        null,
        1,
        null,
        1,
        2,
        null,
        null,
        1,
        null
      ],
      "/home/anna/Development/shareyoursmiles/app/helpers/application_helper.rb": [
        1,
        null
      ],
      "/home/anna/Development/shareyoursmiles/app/helpers/faq_helper.rb": [
        1,
        null
      ],
      "/home/anna/Development/shareyoursmiles/app/helpers/legal_helper.rb": [
        1,
        null
      ],
      "/home/anna/Development/shareyoursmiles/app/helpers/smiles_helper.rb": [
        1,
        null
      ],
      "/home/anna/Development/shareyoursmiles/app/helpers/welcome_helper.rb": [
        1,
        null
      ],
      "/home/anna/Development/shareyoursmiles/app/controllers/faq_controller.rb": [
        1,
        null,
        1,
        0,
        null,
        null
      ],
      "/home/anna/Development/shareyoursmiles/app/controllers/legal_controller.rb": [
        1,
        1,
        0,
        null,
        null
      ],
      "/home/anna/Development/shareyoursmiles/app/controllers/smiles_controller.rb": [
        1,
        null,
        null,
        1,
        null,
        null,
        null,
        1,
        1,
        null,
        0,
        0,
        0,
        null,
        null,
        null,
        null,
        null,
        1,
        0,
        null,
        0,
        0,
        0,
        null,
        null,
        null,
        null,
        null,
        1,
        0,
        null,
        0,
        0,
        0,
        null,
        null,
        null,
        null,
        null,
        null,
        null,
        null,
        null,
        null,
        1,
        null,
        0,
        0,
        null,
        null,
        0,
        0,
        0,
        0,
        0,
        null,
        0,
        0,
        null,
        null,
        null,
        null,
        0,
        0,
        null,
        null,
        null,
        null,
        null,
        null,
        null,
        null,
        null,
        null,
        null,
        null,
        null,
        null,
        null,
        null,
        null,
        null,
        null,
        null,
        null,
        null,
        null,
        null,
        null,
        null,
        null,
        null,
        null,
        null,
        null,
        1,
        null,
        1,
        null,
        0,
        null,
        null,
        null,
        null,
        null,
        null,
        null,
        null,
        null,
        null,
        0,
        null,
        0,
        0,
        null,
        null,
        0,
        0,
        0,
        0,
        0,
        0,
        0,
        null,
        0,
        0,
        0,
        null,
        null,
        null,
        0,
        null,
        null,
        null
      ],
      "/home/anna/Development/shareyoursmiles/app/models/smile.rb": [
        1,
        1,
        1,
        1,
        1,
        null
      ],
      "/home/anna/Development/shareyoursmiles/app/controllers/welcome_controller.rb": [
        1,
        1,
        1,
        null,
        null
      ],
      "/home/anna/Development/shareyoursmiles/app/mailers/new_smile_mailer.rb": [
        1,
        1,
        null,
        1,
        0,
        null,
        null
      ],
      "/home/anna/Development/shareyoursmiles/spec/factories/smiles.rb": [
        1,
        null,
        1,
        1,
        1,
        1,
        1,
        null,
        null,
        1,
        1,
        null,
        null
      ],
      "/home/anna/Development/shareyoursmiles/config/routes.rb": [
        1,
        1,
        null,
        1,
        null,
        1,
        null,
        1,
        null,
        1,
        null
      ],
      "/home/anna/Development/shareyoursmiles/spec/controllers/faq_controller_spec.rb": [
        1,
        null,
        1,
        null,
        null
      ],
      "/home/anna/Development/shareyoursmiles/spec/rails_helper.rb": [
        null,
        1,
        1,
        null,
        1,
        1,
        1,
        null,
        null,
        null,
        null,
        null,
        null,
        null,
        null,
        null,
        null,
        null,
        null,
        null,
        null,
        null,
        null,
        null,
        1,
        null,
        1,
        null,
        null,
        null,
        null,
        1,
        null,
        null,
        null,
        null,
        null,
        null,
        null,
        null,
        null,
        null,
        null,
        null,
        null,
        null,
        1,
        null
      ],
      "/home/anna/Development/shareyoursmiles/spec/controllers/legal_controller_spec.rb": [
        1,
        null,
        1,
        null,
        null
      ],
      "/home/anna/Development/shareyoursmiles/spec/controllers/smiles_controller_spec.rb": [
        1,
        null,
        1,
        null,
        1,
        null,
        1,
        1,
        0,
        0,
        null,
        null,
        null,
        1,
        1,
        0,
        null,
        null,
        null,
        null,
        1,
        1,
        1,
        null,
        null,
        1,
        1,
        1,
        null,
        null,
        1,
        1,
        1,
        null,
        null,
        null,
        null,
        1,
        null,
        null,
        null,
        1,
        1,
        1,
        null,
        null,
        null
      ],
      "/home/anna/Development/shareyoursmiles/spec/controllers/welcome_controller_spec.rb": [
        1,
        null,
        1,
        null,
        null
      ],
      "/home/anna/Development/shareyoursmiles/spec/helpers/faq_helper_spec.rb": [
        1,
        null,
        null,
        null,
        null,
        null,
        null,
        null,
        null,
        null,
        null,
        null,
        1,
        1,
        null
      ],
      "/home/anna/Development/shareyoursmiles/spec/helpers/legal_helper_spec.rb": [
        1,
        null,
        null,
        null,
        null,
        null,
        null,
        null,
        null,
        null,
        null,
        null,
        1,
        1,
        null
      ],
      "/home/anna/Development/shareyoursmiles/spec/mailers/new_smile_mailer_spec.rb": [
        1,
        null,
        1,
        1,
        null
      ],
      "/home/anna/Development/shareyoursmiles/spec/models/smile_spec.rb": [
        1,
        null,
        1,
        null,
        1,
        1,
        null,
        null,
        1,
        1,
        null,
        null,
        null
      ],
      "/home/anna/Development/shareyoursmiles/spec/requests/welcome_spec.rb": [
        1,
        null,
        1,
        1,
        1,
        1,
        null,
        null,
        0,
        null,
        null,
        0,
        null,
        0,
        null,
        null,
        null,
        null,
        null
      ]
    },
    "timestamp": 1447095224
  }
}
